number,value,datetime_start,datetime_complete,duration,params_colsample_bytree,params_gamma,params_learning_rate,params_max_depth,params_min_child_weight,params_reg_alpha,params_reg_lambda,params_subsample,user_attrs_n_estimators_median,user_attrs_pr_auc_sd,system_attrs_tpe:relative_params:0,state
122,0.35976420602430137,2026-09-29 21:34:17.599541,2026-09-29 21:34:20.095569,0 days 00:00:02.496028,0.5593194774628703,3.688548893678585,0.0869536524249366,3,46.99085706382255,0.5373889719856115,2.178441676975069,0.8427701449504258,78,0.018621706355463053,"{""colsample_bytree"": 0.5593194774628703, ""gamma"": 3.688548893678585, ""learning_rate"": 0.0869536524249366, ""max_depth"": 3, ""min_child_weight"": 46.99085706382255, ""reg_alpha"": 0.5373889719856115, ""reg_lambda"": 2.178441676975069, ""subsample"": 0.8427701449504258}",COMPLETE
123,0.3607705484137301,2026-09-29 21:34:20.095744,2026-09-29 21:34:22.430398,0 days 00:00:02.334654,0.5496254040706431,3.9511122536985006,0.0949032923211068,3,47.57493932812274,0.09894335924101601,2.218799888204816,0.8520375880750237,69,0.018730472119124316,"{""colsample_bytree"": 0.5496254040706431, ""gamma"": 3.9511122536985006, ""learning_rate"": 0.0949032923211068, ""max_depth"": 3, ""min_child_weight"": 47.57493932812274, ""reg_alpha"": 0.09894335924101601, ""reg_lambda"": 2.218799888204816, ""subsample"": 0.8520375880750237}",COMPLETE
124,0.3579414107045076,2026-09-29 21:34:22.430584,2026-09-29 21:34:24.628593,0 days 00:00:02.198009,0.5672819596831697,4.177193361440667,0.09634091900108281,3,45.458840314261955,0.39642415290927663,3.750329474073828,0.8415118414920325,47,0.01818429996987946,"{""colsample_bytree"": 0.5672819596831697, ""gamma"": 4.177193361440667, ""learning_rate"": 0.09634091900108281, ""max_depth"": 3, ""min_child_weight"": 45.458840314261955, ""reg_alpha"": 0.39642415290927663, ""reg_lambda"": 3.750329474073828, ""subsample"": 0.8415118414920325}",COMPLETE
125,0.35930391441334114,2026-09-29 21:34:24.628775,2026-09-29 21:34:26.777423,0 days 00:00:02.148648,0.5229601206568594,4.165270160898971,0.0889924353629207,3,44.83305329536514,0.28768990557103535,1.2104526856697644,0.86182266303371,65,0.020000217915531075,"{""colsample_bytree"": 0.5229601206568594, ""gamma"": 4.165270160898971, ""learning_rate"": 0.0889924353629207, ""max_depth"": 3, ""min_child_weight"": 44.83305329536514, ""reg_alpha"": 0.28768990557103535, ""reg_lambda"": 1.2104526856697644, ""subsample"": 0.86182266303371}",COMPLETE
126,0.35938162226755443,2026-09-29 21:34:26.777668,2026-09-29 21:34:29.028008,0 days 00:00:02.250340,0.5401618636368374,3.725637603489873,0.09106158424337797,3,49.5535433156562,0.054211272296057045,1.5956359478568163,0.8162537780069716,68,0.019417391807812313,"{""colsample_bytree"": 0.5401618636368374, ""gamma"": 3.725637603489873, ""learning_rate"": 0.09106158424337797, ""max_depth"": 3, ""min_child_weight"": 49.5535433156562, ""reg_alpha"": 0.054211272296057045, ""reg_lambda"": 1.5956359478568163, ""subsample"": 0.8162537780069716}",COMPLETE
127,0.3586968629147003,2026-09-29 21:34:29.028154,2026-09-29 21:34:31.389310,0 days 00:00:02.361156,0.5312613730012706,3.8047442369667355,0.08979037252281531,3,49.20817210405834,0.11170380814763269,2.887564557627366,0.8111411472074078,63,0.02037397588840323,"{""colsample_bytree"": 0.5312613730012706, ""gamma"": 3.8047442369667355, ""learning_rate"": 0.08979037252281531, ""max_depth"": 3, ""min_child_weight"": 49.20817210405834, ""reg_alpha"": 0.11170380814763269, ""reg_lambda"": 2.887564557627366, ""subsample"": 0.8111411472074078}",COMPLETE
128,0.35948347196155483,2026-09-29 21:34:31.389478,2026-09-29 21:34:33.688682,0 days 00:00:02.299204,0.5107823841143562,3.6785361914177415,0.08731640990835489,3,49.098235798042566,0.2359135052610472,3.0692999899670372,0.8322671945709391,63,0.019740047456913712,"{""colsample_bytree"": 0.5107823841143562, ""gamma"": 3.6785361914177415, ""learning_rate"": 0.08731640990835489, ""max_depth"": 3, ""min_child_weight"": 49.098235798042566, ""reg_alpha"": 0.2359135052610472, ""reg_lambda"": 3.0692999899670372, ""subsample"": 0.8322671945709391}",COMPLETE
129,0.3599640888739324,2026-09-29 21:34:33.688838,2026-09-29 21:34:36.024996,0 days 00:00:02.336158,0.5331568595037874,3.5269454175389874,0.08549197205924057,3,46.73333484602972,0.19696264799003177,2.8612886912198974,0.8308122305521237,66,0.019684039986726323,"{""colsample_bytree"": 0.5331568595037874, ""gamma"": 3.5269454175389874, ""learning_rate"": 0.08549197205924057, ""max_depth"": 3, ""min_child_weight"": 46.73333484602972, ""reg_alpha"": 0.19696264799003177, ""reg_lambda"": 2.8612886912198974, ""subsample"": 0.8308122305521237}",COMPLETE
130,0.3594420456855066,2026-09-29 21:34:36.025299,2026-09-29 21:34:38.439156,0 days 00:00:02.413857,0.5432018126415588,3.524961231215175,0.08458472468557388,3,49.79652558249868,0.02061000273232716,1.0099197583725057,0.8001045203698468,65,0.0195852528839217,"{""colsample_bytree"": 0.5432018126415588, ""gamma"": 3.524961231215175, ""learning_rate"": 0.08458472468557388, ""max_depth"": 3, ""min_child_weight"": 49.79652558249868, ""reg_alpha"": 0.02061000273232716, ""reg_lambda"": 1.0099197583725057, ""subsample"": 0.8001045203698468}",COMPLETE
131,0.3596175924874857,2026-09-29 21:34:38.439326,2026-09-29 21:34:40.608422,0 days 00:00:02.169096,0.5482676061661954,4.125024357689832,0.08729923956157361,3,46.29470637231949,0.2128552676334635,1.7557478781279812,0.8624793481645318,49,0.01984436739466614,"{""colsample_bytree"": 0.5482676061661954, ""gamma"": 4.125024357689832, ""learning_rate"": 0.08729923956157361, ""max_depth"": 3, ""min_child_weight"": 46.29470637231949, ""reg_alpha"": 0.2128552676334635, ""reg_lambda"": 1.7557478781279812, ""subsample"": 0.8624793481645318}",COMPLETE
132,0.3592357906681204,2026-09-29 21:34:40.608611,2026-09-29 21:34:42.839985,0 days 00:00:02.231374,0.555284439381655,3.617162520038529,0.08628650186095461,3,47.11031672634492,0.1703132613549173,3.297548569138177,0.8352894496231956,64,0.01983936252124557,"{""colsample_bytree"": 0.555284439381655, ""gamma"": 3.617162520038529, ""learning_rate"": 0.08628650186095461, ""max_depth"": 3, ""min_child_weight"": 47.11031672634492, ""reg_alpha"": 0.1703132613549173, ""reg_lambda"": 3.297548569138177, ""subsample"": 0.8352894496231956}",COMPLETE
133,0.36026182142696,2026-09-29 21:34:42.840159,2026-09-29 21:34:45.150556,0 days 00:00:02.310397,0.5282519128188261,4.219741577445468,0.09088066968086062,3,47.10337948295704,0.5031677827449118,1.964730599016258,0.8283215215092663,68,0.01953635775081309,"{""colsample_bytree"": 0.5282519128188261, ""gamma"": 4.219741577445468, ""learning_rate"": 0.09088066968086062, ""max_depth"": 3, ""min_child_weight"": 47.10337948295704, ""reg_alpha"": 0.5031677827449118, ""reg_lambda"": 1.964730599016258, ""subsample"": 0.8283215215092663}",COMPLETE
134,0.3598373214664701,2026-09-29 21:34:45.150708,2026-09-29 21:34:47.744498,0 days 00:00:02.593790,0.5553249038783592,3.976899035535861,0.07690187165829734,3,45.93283366842836,0.33604157520859357,1.6133760367571912,0.8294754998722433,74,0.018983743248035735,"{""colsample_bytree"": 0.5553249038783592, ""gamma"": 3.976899035535861, ""learning_rate"": 0.07690187165829734, ""max_depth"": 3, ""min_child_weight"": 45.93283366842836, ""reg_alpha"": 0.33604157520859357, ""reg_lambda"": 1.6133760367571912, ""subsample"": 0.8294754998722433}",COMPLETE
135,0.3596152030194566,2026-09-29 21:34:47.744723,2026-09-29 21:34:50.287477,0 days 00:00:02.542754,0.5492163182977811,3.8001186117722945,0.08275988093957272,3,48.54645764476488,0.17658661751252863,1.2428804859234726,0.8477225580457016,61,0.01888942716959687,"{""colsample_bytree"": 0.5492163182977811, ""gamma"": 3.8001186117722945, ""learning_rate"": 0.08275988093957272, ""max_depth"": 3, ""min_child_weight"": 48.54645764476488, ""reg_alpha"": 0.17658661751252863, ""reg_lambda"": 1.2428804859234726, ""subsample"": 0.8477225580457016}",COMPLETE
136,0.35873344534946666,2026-09-29 21:34:50.287667,2026-09-29 21:34:52.702459,0 days 00:00:02.414792,0.51619609753633,3.8605658508958474,0.0916306105561184,3,46.17239517260576,0.1323766041806773,3.3460356185537754,0.8406271788009435,69,0.018953928223140036,"{""colsample_bytree"": 0.51619609753633, ""gamma"": 3.8605658508958474, ""learning_rate"": 0.0916306105561184, ""max_depth"": 3, ""min_child_weight"": 46.17239517260576, ""reg_alpha"": 0.1323766041806773, ""reg_lambda"": 3.3460356185537754, ""subsample"": 0.8406271788009435}",COMPLETE
137,0.3596537089642106,2026-09-29 21:34:52.702673,2026-09-29 21:34:55.116294,0 days 00:00:02.413621,0.541995307538524,4.361532609414278,0.0771943802184793,3,49.110010423283605,0.30485639763301403,1.9336997701008487,0.8316406486106194,70,0.019439150477770423,"{""colsample_bytree"": 0.541995307538524, ""gamma"": 4.361532609414278, ""learning_rate"": 0.0771943802184793, ""max_depth"": 3, ""min_child_weight"": 49.110010423283605, ""reg_alpha"": 0.30485639763301403, ""reg_lambda"": 1.9336997701008487, ""subsample"": 0.8316406486106194}",COMPLETE
138,0.3601998573549934,2026-09-29 21:34:55.116450,2026-09-29 21:34:57.256775,0 days 00:00:02.140325,0.5506235124327146,3.8639815777824458,0.09619028497821389,3,48.755173502363064,0.3930274923477162,3.171742558855687,0.8480903995728443,63,0.018781332501339867,"{""colsample_bytree"": 0.5506235124327146, ""gamma"": 3.8639815777824458, ""learning_rate"": 0.09619028497821389, ""max_depth"": 3, ""min_child_weight"": 48.755173502363064, ""reg_alpha"": 0.3930274923477162, ""reg_lambda"": 3.171742558855687, ""subsample"": 0.8480903995728443}",COMPLETE
139,0.3600349151597881,2026-09-29 21:34:57.256922,2026-09-29 21:34:59.606569,0 days 00:00:02.349647,0.5366749716850083,3.697042848065265,0.08620638031629983,3,45.31814894503401,0.4607963073409296,3.0955798547214006,0.8518689722528612,62,0.01875443273434379,"{""colsample_bytree"": 0.5366749716850083, ""gamma"": 3.697042848065265, ""learning_rate"": 0.08620638031629983, ""max_depth"": 3, ""min_child_weight"": 45.31814894503401, ""reg_alpha"": 0.4607963073409296, ""reg_lambda"": 3.0955798547214006, ""subsample"": 0.8518689722528612}",COMPLETE
140,0.35853377523529467,2026-09-29 21:34:59.606881,2026-09-29 21:35:02.046841,0 days 00:00:02.439960,0.558384679952045,3.863478881951433,0.08145244605621721,3,45.21225207251081,0.40654465473006185,3.2533819293287167,0.8455114212150299,69,0.019562511487933754,"{""colsample_bytree"": 0.558384679952045, ""gamma"": 3.863478881951433, ""learning_rate"": 0.08145244605621721, ""max_depth"": 3, ""min_child_weight"": 45.21225207251081, ""reg_alpha"": 0.40654465473006185, ""reg_lambda"": 3.2533819293287167, ""subsample"": 0.8455114212150299}",COMPLETE
141,0.3584888393158458,2026-09-29 21:35:02.046991,2026-09-29 21:35:04.132305,0 days 00:00:02.085314,0.5472580907083698,3.721144064771023,0.09190248413616234,3,45.94789283565268,0.29310409723653774,2.3230368421637206,0.8673080952559559,57,0.020835195628267106,"{""colsample_bytree"": 0.5472580907083698, ""gamma"": 3.721144064771023, ""learning_rate"": 0.09190248413616234, ""max_depth"": 3, ""min_child_weight"": 45.94789283565268, ""reg_alpha"": 0.29310409723653774, ""reg_lambda"": 2.3230368421637206, ""subsample"": 0.8673080952559559}",COMPLETE
142,0.357911688085058,2026-09-29 21:35:04.132459,2026-09-29 21:35:06.418153,0 days 00:00:02.285694,0.5282775124241241,4.0586046433688425,0.09451430084329919,3,47.840476773536615,0.5413072904291358,2.8195182701734476,0.8323196316711207,56,0.020816836103885628,"{""colsample_bytree"": 0.5282775124241241, ""gamma"": 4.0586046433688425, ""learning_rate"": 0.09451430084329919, ""max_depth"": 3, ""min_child_weight"": 47.840476773536615, ""reg_alpha"": 0.5413072904291358, ""reg_lambda"": 2.8195182701734476, ""subsample"": 0.8323196316711207}",COMPLETE
143,0.3580603665594114,2026-09-29 21:35:06.418326,2026-09-29 21:35:08.753295,0 days 00:00:02.334969,0.5376219970145345,3.954683965783275,0.09005830519008966,3,45.58965851522624,0.6151570180766982,1.954050388946097,0.8450653380781457,50,0.020347131209352987,"{""colsample_bytree"": 0.5376219970145345, ""gamma"": 3.954683965783275, ""learning_rate"": 0.09005830519008966, ""max_depth"": 3, ""min_child_weight"": 45.58965851522624, ""reg_alpha"": 0.6151570180766982, ""reg_lambda"": 1.954050388946097, ""subsample"": 0.8450653380781457}",COMPLETE
144,0.35809782730334727,2026-09-29 21:35:08.753450,2026-09-29 21:35:10.979195,0 days 00:00:02.225745,0.5373833103635707,3.7879522996281874,0.08945558592789146,3,46.627507177349166,0.7304541965489901,2.722181719559238,0.8198381861326939,59,0.02127693885280773,"{""colsample_bytree"": 0.5373833103635707, ""gamma"": 3.7879522996281874, ""learning_rate"": 0.08945558592789146, ""max_depth"": 3, ""min_child_weight"": 46.627507177349166, ""reg_alpha"": 0.7304541965489901, ""reg_lambda"": 2.722181719559238, ""subsample"": 0.8198381861326939}",COMPLETE
145,0.3595412643412416,2026-09-29 21:35:10.979346,2026-09-29 21:35:13.378385,0 days 00:00:02.399039,0.5185075324765295,3.7466370735513093,0.08094606423252076,3,46.954169068774135,0.2882472450810318,1.8620417998029224,0.8361086601968403,63,0.019822160778774675,"{""colsample_bytree"": 0.5185075324765295, ""gamma"": 3.7466370735513093, ""learning_rate"": 0.08094606423252076, ""max_depth"": 3, ""min_child_weight"": 46.954169068774135, ""reg_alpha"": 0.2882472450810318, ""reg_lambda"": 1.8620417998029224, ""subsample"": 0.8361086601968403}",COMPLETE
146,0.3579654497562819,2026-09-29 21:35:13.378571,2026-09-29 21:35:15.500344,0 days 00:00:02.121773,0.5646759879809762,4.115199946479496,0.09137155023508624,3,48.745381878999375,0.4115483710600729,3.1555755679911144,0.8279618752180723,48,0.01988666189647403,"{""colsample_bytree"": 0.5646759879809762, ""gamma"": 4.115199946479496, ""learning_rate"": 0.09137155023508624, ""max_depth"": 3, ""min_child_weight"": 48.745381878999375, ""reg_alpha"": 0.4115483710600729, ""reg_lambda"": 3.1555755679911144, ""subsample"": 0.8279618752180723}",COMPLETE
147,0.35699787978168085,2026-09-29 21:35:15.500527,2026-09-29 21:35:17.744990,0 days 00:00:02.244463,0.5822065645773764,3.6781333901863715,0.09426076833259724,3,48.12650706987221,0.404628967286276,3.088101762779608,0.8398710134729404,51,0.01812113441536298,"{""colsample_bytree"": 0.5822065645773764, ""gamma"": 3.6781333901863715, ""learning_rate"": 0.09426076833259724, ""max_depth"": 3, ""min_child_weight"": 48.12650706987221, ""reg_alpha"": 0.404628967286276, ""reg_lambda"": 3.088101762779608, ""subsample"": 0.8398710134729404}",COMPLETE
148,0.35862127329863164,2026-09-29 21:35:17.745145,2026-09-29 21:35:20.123869,0 days 00:00:02.378724,0.5407470883229197,3.5484780207108955,0.0836328273394497,3,49.636080344576044,0.03323092201095562,2.3943634337449122,0.8519651431132337,58,0.019511793303286472,"{""colsample_bytree"": 0.5407470883229197, ""gamma"": 3.5484780207108955, ""learning_rate"": 0.0836328273394497, ""max_depth"": 3, ""min_child_weight"": 49.636080344576044, ""reg_alpha"": 0.03323092201095562, ""reg_lambda"": 2.3943634337449122, ""subsample"": 0.8519651431132337}",COMPLETE
149,0.35994852916509745,2026-09-29 21:35:20.124026,2026-09-29 21:35:22.338821,0 days 00:00:02.214795,0.5576957908542571,3.9814972374954216,0.09771719844438845,3,49.40931754554208,0.05555823901071691,3.5296441145220405,0.8544692660731621,59,0.01825194350934896,"{""colsample_bytree"": 0.5576957908542571, ""gamma"": 3.9814972374954216, ""learning_rate"": 0.09771719844438845, ""max_depth"": 3, ""min_child_weight"": 49.40931754554208, ""reg_alpha"": 0.05555823901071691, ""reg_lambda"": 3.5296441145220405, ""subsample"": 0.8544692660731621}",COMPLETE
