number,value,datetime_start,datetime_complete,duration,params_colsample_bytree,params_gamma,params_learning_rate,params_max_depth,params_min_child_weight,params_reg_alpha,params_reg_lambda,params_subsample,user_attrs_n_estimators_median,user_attrs_pr_auc_sd,system_attrs_tpe:relative_params:0,state
44,0.35897477485324486,2026-09-29 21:31:08.428394,2026-09-29 21:31:11.018719,0 days 00:00:02.590325,0.5053400939231011,4.334409290438865,0.07524055495287256,3,44.88401451100735,0.1133513575832446,3.588871944240177,0.7789139423207487,61,0.020532412741979145,"{""colsample_bytree"": 0.5053400939231011, ""gamma"": 4.334409290438865, ""learning_rate"": 0.07524055495287256, ""max_depth"": 3, ""min_child_weight"": 44.88401451100735, ""reg_alpha"": 0.1133513575832446, ""reg_lambda"": 3.588871944240177, ""subsample"": 0.7789139423207487}",COMPLETE
45,0.35857825133198495,2026-09-29 21:31:11.018879,2026-09-29 21:31:13.570639,0 days 00:00:02.551760,0.531600419100444,4.5146489813442825,0.07206838702459506,3,45.576114805085474,1.5681362250298676,6.434236008153611,0.7827641803237787,68,0.02060320720366632,"{""colsample_bytree"": 0.531600419100444, ""gamma"": 4.5146489813442825, ""learning_rate"": 0.07206838702459506, ""max_depth"": 3, ""min_child_weight"": 45.576114805085474, ""reg_alpha"": 1.5681362250298676, ""reg_lambda"": 6.434236008153611, ""subsample"": 0.7827641803237787}",COMPLETE
46,0.35881133967910595,2026-09-29 21:31:13.570828,2026-09-29 21:31:16.179150,0 days 00:00:02.608322,0.5480042466904335,4.091499364395495,0.08020285858376806,3,48.68089896593756,0.17085563885590904,5.0809815643182175,0.8075954960441569,63,0.019827752213198782,"{""colsample_bytree"": 0.5480042466904335, ""gamma"": 4.091499364395495, ""learning_rate"": 0.08020285858376806, ""max_depth"": 3, ""min_child_weight"": 48.68089896593756, ""reg_alpha"": 0.17085563885590904, ""reg_lambda"": 5.0809815643182175, ""subsample"": 0.8075954960441569}",COMPLETE
47,0.3605425714596062,2026-09-29 21:31:16.179414,2026-09-29 21:31:18.817777,0 days 00:00:02.638363,0.5318898199422459,3.8646547250969943,0.08950429099781897,3,48.3910983848183,0.39576176670102836,2.4250551012541095,0.7951794402840948,59,0.019595112143718323,"{""colsample_bytree"": 0.5318898199422459, ""gamma"": 3.8646547250969943, ""learning_rate"": 0.08950429099781897, ""max_depth"": 3, ""min_child_weight"": 48.3910983848183, ""reg_alpha"": 0.39576176670102836, ""reg_lambda"": 2.4250551012541095, ""subsample"": 0.7951794402840948}",COMPLETE
48,0.35857123694858367,2026-09-29 21:31:18.817954,2026-09-29 21:31:21.426578,0 days 00:00:02.608624,0.5176066132894301,4.702124061231457,0.07608470583035949,3,43.337526401711465,1.2235567305589476,2.063266483996427,0.7978639855591272,75,0.0203729701915232,"{""colsample_bytree"": 0.5176066132894301, ""gamma"": 4.702124061231457, ""learning_rate"": 0.07608470583035949, ""max_depth"": 3, ""min_child_weight"": 43.337526401711465, ""reg_alpha"": 1.2235567305589476, ""reg_lambda"": 2.063266483996427, ""subsample"": 0.7978639855591272}",COMPLETE
49,0.35893150488498626,2026-09-29 21:31:21.426776,2026-09-29 21:31:23.805646,0 days 00:00:02.378870,0.5178282576913139,4.1038412145970184,0.08965420536256566,3,49.00001098173361,1.8785729536194564,2.408983410120593,0.8418956956150547,55,0.01977884987851817,"{""colsample_bytree"": 0.5178282576913139, ""gamma"": 4.1038412145970184, ""learning_rate"": 0.08965420536256566, ""max_depth"": 3, ""min_child_weight"": 49.00001098173361, ""reg_alpha"": 1.8785729536194564, ""reg_lambda"": 2.408983410120593, ""subsample"": 0.8418956956150547}",COMPLETE
50,0.3587410165703663,2026-09-29 21:31:23.805968,2026-09-29 21:31:26.118172,0 days 00:00:02.312204,0.526402060118674,4.242861335151564,0.07313538295889838,3,47.26671089301002,0.19212427863212583,2.063522743538428,0.8767628834637504,59,0.01979916796967356,"{""colsample_bytree"": 0.526402060118674, ""gamma"": 4.242861335151564, ""learning_rate"": 0.07313538295889838, ""max_depth"": 3, ""min_child_weight"": 47.26671089301002, ""reg_alpha"": 0.19212427863212583, ""reg_lambda"": 2.063522743538428, ""subsample"": 0.8767628834637504}",COMPLETE
51,0.35779640956216296,2026-09-29 21:31:26.118323,2026-09-29 21:31:28.669702,0 days 00:00:02.551379,0.5528936491554026,4.889106995515944,0.08540954063858822,3,40.86067874686804,0.5902887055924189,4.3486684762961545,0.8021625085960697,56,0.019951615893511153,"{""colsample_bytree"": 0.5528936491554026, ""gamma"": 4.889106995515944, ""learning_rate"": 0.08540954063858822, ""max_depth"": 3, ""min_child_weight"": 40.86067874686804, ""reg_alpha"": 0.5902887055924189, ""reg_lambda"": 4.3486684762961545, ""subsample"": 0.8021625085960697}",COMPLETE
52,0.35903192260465455,2026-09-29 21:31:28.669857,2026-09-29 21:31:31.189914,0 days 00:00:02.520057,0.5621752860673693,4.203214998146723,0.08923512665223746,3,49.02752336908482,1.1550637127302343,5.0436029020208455,0.8148774266638031,70,0.019387667982086923,"{""colsample_bytree"": 0.5621752860673693, ""gamma"": 4.203214998146723, ""learning_rate"": 0.08923512665223746, ""max_depth"": 3, ""min_child_weight"": 49.02752336908482, ""reg_alpha"": 1.1550637127302343, ""reg_lambda"": 5.0436029020208455, ""subsample"": 0.8148774266638031}",COMPLETE
53,0.3584877568180716,2026-09-29 21:31:31.190085,2026-09-29 21:31:33.555284,0 days 00:00:02.365199,0.5434536467648913,3.638203247492612,0.09638554561685964,3,40.23434199631568,0.5210105155250531,4.337757452242085,0.8037802364215685,64,0.019746261204934397,"{""colsample_bytree"": 0.5434536467648913, ""gamma"": 3.638203247492612, ""learning_rate"": 0.09638554561685964, ""max_depth"": 3, ""min_child_weight"": 40.23434199631568, ""reg_alpha"": 0.5210105155250531, ""reg_lambda"": 4.337757452242085, ""subsample"": 0.8037802364215685}",COMPLETE
54,0.358755477247743,2026-09-29 21:31:33.555451,2026-09-29 21:31:35.801537,0 days 00:00:02.246086,0.5510370191292736,3.536104254172356,0.09602093543730342,3,49.3133246468106,0.8826479288593764,3.7586120360115958,0.7787459940140012,52,0.020129784326989784,"{""colsample_bytree"": 0.5510370191292736, ""gamma"": 3.536104254172356, ""learning_rate"": 0.09602093543730342, ""max_depth"": 3, ""min_child_weight"": 49.3133246468106, ""reg_alpha"": 0.8826479288593764, ""reg_lambda"": 3.7586120360115958, ""subsample"": 0.7787459940140012}",COMPLETE
55,0.3594890206396162,2026-09-29 21:31:35.801723,2026-09-29 21:31:38.163743,0 days 00:00:02.362020,0.560453076661889,4.109534126529871,0.08003326231425029,3,49.757535425146145,0.11876112312290105,1.2097903402168306,0.8058983044616167,55,0.019286759675643615,"{""colsample_bytree"": 0.560453076661889, ""gamma"": 4.109534126529871, ""learning_rate"": 0.08003326231425029, ""max_depth"": 3, ""min_child_weight"": 49.757535425146145, ""reg_alpha"": 0.11876112312290105, ""reg_lambda"": 1.2097903402168306, ""subsample"": 0.8058983044616167}",COMPLETE
56,0.35866947838926777,2026-09-29 21:31:38.163901,2026-09-29 21:31:40.618385,0 days 00:00:02.454484,0.5443182418303906,4.389344671230038,0.06703921114761079,3,44.25096228465299,0.4657433565538707,2.7287624141761686,0.7783063433682942,80,0.020197330945084895,"{""colsample_bytree"": 0.5443182418303906, ""gamma"": 4.389344671230038, ""learning_rate"": 0.06703921114761079, ""max_depth"": 3, ""min_child_weight"": 44.25096228465299, ""reg_alpha"": 0.4657433565538707, ""reg_lambda"": 2.7287624141761686, ""subsample"": 0.7783063433682942}",COMPLETE
57,0.35843189252431995,2026-09-29 21:31:40.618540,2026-09-29 21:31:43.057269,0 days 00:00:02.438729,0.5619865210911728,3.7977060933137334,0.07860208390807825,3,44.22673405275749,0.914710496737778,5.572314538143768,0.8293602892573791,69,0.019028817438674524,"{""colsample_bytree"": 0.5619865210911728, ""gamma"": 3.7977060933137334, ""learning_rate"": 0.07860208390807825, ""max_depth"": 3, ""min_child_weight"": 44.22673405275749, ""reg_alpha"": 0.914710496737778, ""reg_lambda"": 5.572314538143768, ""subsample"": 0.8293602892573791}",COMPLETE
58,0.3588505710948872,2026-09-29 21:31:43.057466,2026-09-29 21:31:45.475614,0 days 00:00:02.418148,0.5478190797409483,4.389134348059447,0.08341706127759113,3,44.026679373286946,1.0285284171253959,5.860033788073358,0.8179657527100763,66,0.02106999421447829,"{""colsample_bytree"": 0.5478190797409483, ""gamma"": 4.389134348059447, ""learning_rate"": 0.08341706127759113, ""max_depth"": 3, ""min_child_weight"": 44.026679373286946, ""reg_alpha"": 1.0285284171253959, ""reg_lambda"": 5.860033788073358, ""subsample"": 0.8179657527100763}",COMPLETE
59,0.3587190852720537,2026-09-29 21:31:45.475822,2026-09-29 21:31:48.082089,0 days 00:00:02.606267,0.5436919133898243,4.5346772795861465,0.08390253584891962,3,46.980455489610904,1.0883417588578568,1.4621297235450985,0.8420007190856638,63,0.020053244436910266,"{""colsample_bytree"": 0.5436919133898243, ""gamma"": 4.5346772795861465, ""learning_rate"": 0.08390253584891962, ""max_depth"": 3, ""min_child_weight"": 46.980455489610904, ""reg_alpha"": 1.0883417588578568, ""reg_lambda"": 1.4621297235450985, ""subsample"": 0.8420007190856638}",COMPLETE
60,0.35850748019076273,2026-09-29 21:31:48.082409,2026-09-29 21:31:50.970982,0 days 00:00:02.888573,0.5109088218959719,3.705944638896581,0.0607120734941061,3,46.931409492721706,0.6813517370838345,1.6224230447998589,0.8037692849239554,97,0.02130893271486516,"{""colsample_bytree"": 0.5109088218959719, ""gamma"": 3.705944638896581, ""learning_rate"": 0.0607120734941061, ""max_depth"": 3, ""min_child_weight"": 46.931409492721706, ""reg_alpha"": 0.6813517370838345, ""reg_lambda"": 1.6224230447998589, ""subsample"": 0.8037692849239554}",COMPLETE
61,0.358582091920628,2026-09-29 21:31:50.971146,2026-09-29 21:31:53.431954,0 days 00:00:02.460808,0.5532187033574703,4.477853245791839,0.08693263412254616,3,48.90251934651819,0.5682695159279534,2.895096877747677,0.8234700340879968,54,0.021015590303610616,"{""colsample_bytree"": 0.5532187033574703, ""gamma"": 4.477853245791839, ""learning_rate"": 0.08693263412254616, ""max_depth"": 3, ""min_child_weight"": 48.90251934651819, ""reg_alpha"": 0.5682695159279534, ""reg_lambda"": 2.895096877747677, ""subsample"": 0.8234700340879968}",COMPLETE
62,0.3583704984438307,2026-09-29 21:31:53.432117,2026-09-29 21:31:55.679922,0 days 00:00:02.247805,0.5241889371747784,4.175868729501981,0.09659675348904093,3,49.490306293897355,0.5351228000134969,2.0986907068994927,0.8095579796123069,55,0.02074222697247339,"{""colsample_bytree"": 0.5241889371747784, ""gamma"": 4.175868729501981, ""learning_rate"": 0.09659675348904093, ""max_depth"": 3, ""min_child_weight"": 49.490306293897355, ""reg_alpha"": 0.5351228000134969, ""reg_lambda"": 2.0986907068994927, ""subsample"": 0.8095579796123069}",COMPLETE
63,0.3583532871866633,2026-09-29 21:31:55.680075,2026-09-29 21:31:58.279484,0 days 00:00:02.599409,0.5281026928610763,3.325642637931455,0.07782066377709938,3,48.763343969287526,0.7895598637440984,2.4554554872200023,0.812546045044421,74,0.021200264629901343,"{""colsample_bytree"": 0.5281026928610763, ""gamma"": 3.325642637931455, ""learning_rate"": 0.07782066377709938, ""max_depth"": 3, ""min_child_weight"": 48.763343969287526, ""reg_alpha"": 0.7895598637440984, ""reg_lambda"": 2.4554554872200023, ""subsample"": 0.812546045044421}",COMPLETE
64,0.356486283028041,2026-09-29 21:31:58.279671,2026-09-29 21:32:00.768393,0 days 00:00:02.488722,0.5859011976707451,4.235182155641949,0.08323771256744993,3,47.778978050459,0.025036437027165695,3.6568259243012973,0.8084664995455922,48,0.020781931732445285,"{""colsample_bytree"": 0.5859011976707451, ""gamma"": 4.235182155641949, ""learning_rate"": 0.08323771256744993, ""max_depth"": 3, ""min_child_weight"": 47.778978050459, ""reg_alpha"": 0.025036437027165695, ""reg_lambda"": 3.6568259243012973, ""subsample"": 0.8084664995455922}",COMPLETE
65,0.3591989372842,2026-09-29 21:32:00.768551,2026-09-29 21:32:03.131089,0 days 00:00:02.362538,0.5215659476852953,3.7082697623527667,0.0979835413062931,3,48.50518773410411,1.3109870481595869,4.867574786629506,0.7744559773693989,58,0.019740183457022387,"{""colsample_bytree"": 0.5215659476852953, ""gamma"": 3.7082697623527667, ""learning_rate"": 0.0979835413062931, ""max_depth"": 3, ""min_child_weight"": 48.50518773410411, ""reg_alpha"": 1.3109870481595869, ""reg_lambda"": 4.867574786629506, ""subsample"": 0.7744559773693989}",COMPLETE
66,0.3578218609304895,2026-09-29 21:32:03.131275,2026-09-29 21:32:05.622159,0 days 00:00:02.490884,0.5494950949001649,3.6094810255884773,0.09942795389801207,3,49.19254075516091,1.193741686567952,6.448117675444495,0.7938448612403666,70,0.019685600676282906,"{""colsample_bytree"": 0.5494950949001649, ""gamma"": 3.6094810255884773, ""learning_rate"": 0.09942795389801207, ""max_depth"": 3, ""min_child_weight"": 49.19254075516091, ""reg_alpha"": 1.193741686567952, ""reg_lambda"": 6.448117675444495, ""subsample"": 0.7938448612403666}",COMPLETE
67,0.35941110521184433,2026-09-29 21:32:05.622329,2026-09-29 21:32:08.308480,0 days 00:00:02.686151,0.5477150843198646,3.7279276944892255,0.07862822462096754,3,49.007790739580024,0.7834331067937501,4.390586854264066,0.8078103510808013,59,0.019644999036617053,"{""colsample_bytree"": 0.5477150843198646, ""gamma"": 3.7279276944892255, ""learning_rate"": 0.07862822462096754, ""max_depth"": 3, ""min_child_weight"": 49.007790739580024, ""reg_alpha"": 0.7834331067937501, ""reg_lambda"": 4.390586854264066, ""subsample"": 0.8078103510808013}",COMPLETE
68,0.3573683488894237,2026-09-29 21:32:08.308753,2026-09-29 21:32:10.890975,0 days 00:00:02.582222,0.5866129163994193,4.393455403794901,0.06889807530779365,3,44.92389744384155,0.43667234684727824,1.206815400460603,0.8200887419247319,79,0.022039855088194567,"{""colsample_bytree"": 0.5866129163994193, ""gamma"": 4.393455403794901, ""learning_rate"": 0.06889807530779365, ""max_depth"": 3, ""min_child_weight"": 44.92389744384155, ""reg_alpha"": 0.43667234684727824, ""reg_lambda"": 1.206815400460603, ""subsample"": 0.8200887419247319}",COMPLETE
69,0.35923724889424186,2026-09-29 21:32:10.891138,2026-09-29 21:32:13.349257,0 days 00:00:02.458119,0.5006421316197919,3.6049302510221666,0.0760159397020392,3,45.1106920464863,0.47364356347236086,3.105806187134089,0.7922966255657017,49,0.020159573098104587,"{""colsample_bytree"": 0.5006421316197919, ""gamma"": 3.6049302510221666, ""learning_rate"": 0.0760159397020392, ""max_depth"": 3, ""min_child_weight"": 45.1106920464863, ""reg_alpha"": 0.47364356347236086, ""reg_lambda"": 3.105806187134089, ""subsample"": 0.7922966255657017}",COMPLETE
70,0.35957912086764304,2026-09-29 21:32:13.349586,2026-09-29 21:32:15.732066,0 days 00:00:02.382480,0.524167259832393,3.95889249539071,0.08590898930045698,3,43.97852730586217,0.02998837928172382,4.369080817061948,0.8284641993684498,59,0.01945319974903683,"{""colsample_bytree"": 0.524167259832393, ""gamma"": 3.95889249539071, ""learning_rate"": 0.08590898930045698, ""max_depth"": 3, ""min_child_weight"": 43.97852730586217, ""reg_alpha"": 0.02998837928172382, ""reg_lambda"": 4.369080817061948, ""subsample"": 0.8284641993684498}",COMPLETE
71,0.35966444833390665,2026-09-29 21:32:15.732226,2026-09-29 21:32:18.301664,0 days 00:00:02.569438,0.5176912052184531,4.250437592568067,0.08420960234684531,3,47.36334845603266,0.9224524700146375,3.1350673921526693,0.832252412755755,66,0.01915464410192314,"{""colsample_bytree"": 0.5176912052184531, ""gamma"": 4.250437592568067, ""learning_rate"": 0.08420960234684531, ""max_depth"": 3, ""min_child_weight"": 47.36334845603266, ""reg_alpha"": 0.9224524700146375, ""reg_lambda"": 3.1350673921526693, ""subsample"": 0.832252412755755}",COMPLETE
72,0.3592113598955987,2026-09-29 21:32:18.301851,2026-09-29 21:32:20.803745,0 days 00:00:02.501894,0.5162666789656857,4.095689391657739,0.08693162008033069,3,48.967649534580744,0.12507133887406519,3.0757262674888777,0.7743168429829774,63,0.019724518571510374,"{""colsample_bytree"": 0.5162666789656857, ""gamma"": 4.095689391657739, ""learning_rate"": 0.08693162008033069, ""max_depth"": 3, ""min_child_weight"": 48.967649534580744, ""reg_alpha"": 0.12507133887406519, ""reg_lambda"": 3.0757262674888777, ""subsample"": 0.7743168429829774}",COMPLETE
73,0.35669494972485216,2026-09-29 21:32:20.803907,2026-09-29 21:32:23.212313,0 days 00:00:02.408406,0.5742010656815871,4.174574834349289,0.07297151789948746,3,48.35400292490486,0.13802613270228317,1.9378900127308751,0.7979559477559267,69,0.020133066770422568,"{""colsample_bytree"": 0.5742010656815871, ""gamma"": 4.174574834349289, ""learning_rate"": 0.07297151789948746, ""max_depth"": 3, ""min_child_weight"": 48.35400292490486, ""reg_alpha"": 0.13802613270228317, ""reg_lambda"": 1.9378900127308751, ""subsample"": 0.7979559477559267}",COMPLETE
74,0.3581859874388194,2026-09-29 21:32:23.212470,2026-09-29 21:32:25.656742,0 days 00:00:02.444272,0.5561655118075619,4.538645660961871,0.07636564184888374,3,49.71993226703876,0.012280657940747008,3.594247452501886,0.8073274321982394,59,0.020757006118813995,"{""colsample_bytree"": 0.5561655118075619, ""gamma"": 4.538645660961871, ""learning_rate"": 0.07636564184888374, ""max_depth"": 3, ""min_child_weight"": 49.71993226703876, ""reg_alpha"": 0.012280657940747008, ""reg_lambda"": 3.594247452501886, ""subsample"": 0.8073274321982394}",COMPLETE
75,0.3585882437538067,2026-09-29 21:32:25.656899,2026-09-29 21:32:28.062388,0 days 00:00:02.405489,0.5716375628657548,3.910464683742845,0.08151398320764555,3,48.494991050747906,0.2685112662138961,3.2706017242904513,0.838953162313269,61,0.019244394363272348,"{""colsample_bytree"": 0.5716375628657548, ""gamma"": 3.910464683742845, ""learning_rate"": 0.08151398320764555, ""max_depth"": 3, ""min_child_weight"": 48.494991050747906, ""reg_alpha"": 0.2685112662138961, ""reg_lambda"": 3.2706017242904513, ""subsample"": 0.838953162313269}",COMPLETE
76,0.3588906881744258,2026-09-29 21:32:28.062557,2026-09-29 21:32:30.507318,0 days 00:00:02.444761,0.5189990342745353,3.2587508281095774,0.09926505883482244,3,49.51364384692319,0.5622007381776041,3.153802397079561,0.7931552406586649,66,0.020362415031171272,"{""colsample_bytree"": 0.5189990342745353, ""gamma"": 3.2587508281095774, ""learning_rate"": 0.09926505883482244, ""max_depth"": 3, ""min_child_weight"": 49.51364384692319, ""reg_alpha"": 0.5622007381776041, ""reg_lambda"": 3.153802397079561, ""subsample"": 0.7931552406586649}",COMPLETE
77,0.3586112368623682,2026-09-29 21:32:30.507483,2026-09-29 21:32:32.900510,0 days 00:00:02.393027,0.5146881626717938,4.875749137754065,0.08827237653481713,3,43.455634320826626,0.5322346775285832,3.6662913061869893,0.8162941062214055,52,0.020015376445887436,"{""colsample_bytree"": 0.5146881626717938, ""gamma"": 4.875749137754065, ""learning_rate"": 0.08827237653481713, ""max_depth"": 3, ""min_child_weight"": 43.455634320826626, ""reg_alpha"": 0.5322346775285832, ""reg_lambda"": 3.6662913061869893, ""subsample"": 0.8162941062214055}",COMPLETE
78,0.35858862576458733,2026-09-29 21:32:32.900701,2026-09-29 21:32:35.442480,0 days 00:00:02.541779,0.5387295368867177,4.53842871769865,0.07272043868683914,3,45.29333741226777,0.2749108714335384,1.5047983820538402,0.762799797245006,77,0.019368653402826994,"{""colsample_bytree"": 0.5387295368867177, ""gamma"": 4.53842871769865, ""learning_rate"": 0.07272043868683914, ""max_depth"": 3, ""min_child_weight"": 45.29333741226777, ""reg_alpha"": 0.2749108714335384, ""reg_lambda"": 1.5047983820538402, ""subsample"": 0.762799797245006}",COMPLETE
79,0.3596927418779542,2026-09-29 21:32:35.442672,2026-09-29 21:32:37.818248,0 days 00:00:02.375576,0.5477990742515735,4.182808761272824,0.0907428222033348,3,46.226727032767364,0.17970204541151608,1.3509158044902279,0.8255327798706433,65,0.019291559214531576,"{""colsample_bytree"": 0.5477990742515735, ""gamma"": 4.182808761272824, ""learning_rate"": 0.0907428222033348, ""max_depth"": 3, ""min_child_weight"": 46.226727032767364, ""reg_alpha"": 0.17970204541151608, ""reg_lambda"": 1.3509158044902279, ""subsample"": 0.8255327798706433}",COMPLETE
80,0.35827527627731975,2026-09-29 21:32:37.818564,2026-09-29 21:32:40.138128,0 days 00:00:02.319564,0.5446862057461169,3.6654181723459285,0.09338325097806724,3,49.87174761360888,0.46825803262387955,5.517023761100889,0.7987403970047587,64,0.02009748903055768,"{""colsample_bytree"": 0.5446862057461169, ""gamma"": 3.6654181723459285, ""learning_rate"": 0.09338325097806724, ""max_depth"": 3, ""min_child_weight"": 49.87174761360888, ""reg_alpha"": 0.46825803262387955, ""reg_lambda"": 5.517023761100889, ""subsample"": 0.7987403970047587}",COMPLETE
81,0.35745677793252845,2026-09-29 21:32:40.138299,2026-09-29 21:32:42.474775,0 days 00:00:02.336476,0.5870745109103941,3.841629871155684,0.08307777844751238,3,49.28532635725467,0.5048592273855569,2.7501284326854005,0.7975605035627631,54,0.020973139344215283,"{""colsample_bytree"": 0.5870745109103941, ""gamma"": 3.841629871155684, ""learning_rate"": 0.08307777844751238, ""max_depth"": 3, ""min_child_weight"": 49.28532635725467, ""reg_alpha"": 0.5048592273855569, ""reg_lambda"": 2.7501284326854005, ""subsample"": 0.7975605035627631}",COMPLETE
82,0.36036842930814794,2026-09-29 21:32:42.474927,2026-09-29 21:32:44.880690,0 days 00:00:02.405763,0.546162237611845,3.861805517261832,0.08699069461919273,3,45.5670817630745,0.015775916097096748,2.0343896412094136,0.795549165521506,59,0.019085064510414394,"{""colsample_bytree"": 0.546162237611845, ""gamma"": 3.861805517261832, ""learning_rate"": 0.08699069461919273, ""max_depth"": 3, ""min_child_weight"": 45.5670817630745, ""reg_alpha"": 0.015775916097096748, ""reg_lambda"": 2.0343896412094136, ""subsample"": 0.795549165521506}",COMPLETE
