number,value,datetime_start,datetime_complete,duration,params_colsample_bytree,params_gamma,params_learning_rate,params_max_depth,params_min_child_weight,params_reg_alpha,params_reg_lambda,params_subsample,user_attrs_n_estimators_median,user_attrs_pr_auc_sd,system_attrs_tpe:relative_params:0,state
0,0.35704312724967346,2026-09-29 21:29:03.405758,2026-09-29 21:29:06.841918,0 days 00:00:03.436160,0.562397808134481,3.005575058716044,0.03968793330444373,3,37.93972738151323,4.330880728874676,2.1035886311957896,0.6468055921327309,122,0.020160355407041676,,COMPLETE
1,0.3553809534340349,2026-09-29 21:29:06.842104,2026-09-29 21:29:09.385397,0 days 00:00:02.543293,0.5727299868828403,2.6237821581611893,0.06798962421591129,2,48.645943347289744,1.5212112147976886,4.484685687215243,0.6637017332034828,78,0.021942789536233662,,COMPLETE
2,0.34653755371066325,2026-09-29 21:29:09.385656,2026-09-29 21:29:13.387706,0 days 00:00:04.002050,0.6465447373174766,0.9983689107917987,0.013787764619353767,2,32.53338026250708,3.925879806965068,9.665329700123683,0.6876433945605654,79,0.024649097176703966,,COMPLETE
3,0.35633818325796235,2026-09-29 21:29:13.387860,2026-09-29 21:29:17.358696,0 days 00:00:03.970836,0.5260206371941119,4.041986740582305,0.04050837781329675,3,7.090268572399898,4.828160165372797,19.02882520781333,0.6511572371061874,126,0.02046817188468019,,COMPLETE
4,0.3534934302326929,2026-09-29 21:29:17.358883,2026-09-29 21:29:21.317964,0 days 00:00:03.959081,0.6980707640445081,1.2938999080000846,0.027551959649510765,2,35.79048619304706,4.546602010393911,1.6533819011891495,0.6366114704534336,166,0.022746573909538926,,COMPLETE
5,0.35546933436439615,2026-09-29 21:29:21.318141,2026-09-29 21:29:25.324107,0 days 00:00:04.005966,0.8878338511058235,4.474136752138244,0.03521358805467869,2,28.403060953001486,4.697494707820946,15.727523643861176,0.6554563366576581,161,0.01967447559724308,,COMPLETE
6,0.35174460969983906,2026-09-29 21:29:25.324268,2026-09-29 21:29:29.118464,0 days 00:00:03.794196,0.6301321323053057,4.143687545759647,0.015703008378806716,3,8.982162592336378,1.3567451588694794,8.384868504100158,0.6135681866731614,92,0.0190210674359811,,COMPLETE
7,0.34421898184110394,2026-09-29 21:29:29.118697,2026-09-29 21:29:32.336771,0 days 00:00:03.218074,0.5298202574719083,0.993578407670862,0.013833249975219963,2,29.42132374212118,3.861223846483287,19.75085179540983,0.8406590942262119,90,0.01903133280098378,,COMPLETE
8,0.3579432552531424,2026-09-29 21:29:32.336926,2026-09-29 21:29:35.011217,0 days 00:00:02.674291,0.5296178606936361,4.315517129377968,0.05358055009231865,3,36.80858047314277,0.5793452976256486,7.81084884234118,0.8313811040057837,87,0.020482681356618036,,COMPLETE
9,0.350506875000204,2026-09-29 21:29:35.011389,2026-09-29 21:29:38.670251,0 days 00:00:03.658862,0.7918424713352257,2.3610746258097466,0.020463613363481608,2,7.860125762871064,4.436063712881633,13.11359195574905,0.6975549966080241,140,0.023778058648133326,,COMPLETE
10,0.35414980169432203,2026-09-29 21:29:38.670527,2026-09-29 21:29:42.050192,0 days 00:00:03.379665,0.5770961861723725,4.037887035182984,0.026939780254208033,3,45.04288057805016,0.1986674767805816,12.159737442607762,0.7884321102098092,119,0.023458746563712038,"{""colsample_bytree"": 0.5770961861723725, ""gamma"": 4.037887035182984, ""learning_rate"": 0.026939780254208033, ""max_depth"": 3, ""min_child_weight"": 45.04288057805016, ""reg_alpha"": 0.1986674767805816, ""reg_lambda"": 12.159737442607762, ""subsample"": 0.7884321102098092}",COMPLETE
11,0.35683496837974693,2026-09-29 21:29:42.050370,2026-09-29 21:29:44.603253,0 days 00:00:02.552883,0.6082465009594056,3.8871642795194545,0.06542203369027293,3,38.26012672919806,2.999246946955517,7.645214356803502,0.8459082082465941,63,0.020493426137364008,"{""colsample_bytree"": 0.6082465009594056, ""gamma"": 3.8871642795194545, ""learning_rate"": 0.06542203369027293, ""max_depth"": 3, ""min_child_weight"": 38.26012672919806, ""reg_alpha"": 2.999246946955517, ""reg_lambda"": 7.645214356803502, ""subsample"": 0.8459082082465941}",COMPLETE
12,0.3556539065363282,2026-09-29 21:29:44.603407,2026-09-29 21:29:47.764931,0 days 00:00:03.161524,0.5784103679873265,4.013209497850582,0.04000265557891459,3,31.388673290839996,0.7970332192841278,2.6551680915344313,0.6750712708152029,101,0.02287631611544807,"{""colsample_bytree"": 0.5784103679873265, ""gamma"": 4.013209497850582, ""learning_rate"": 0.04000265557891459, ""max_depth"": 3, ""min_child_weight"": 31.388673290839996, ""reg_alpha"": 0.7970332192841278, ""reg_lambda"": 2.6551680915344313, ""subsample"": 0.6750712708152029}",COMPLETE
13,0.3526662354292094,2026-09-29 21:29:47.765111,2026-09-29 21:29:51.260043,0 days 00:00:03.494932,0.5679528534489291,2.731585879321947,0.026491304347420395,3,37.97767519431704,4.9354105442735206,5.2668976251835975,0.7387538977591062,84,0.01966410854268234,"{""colsample_bytree"": 0.5679528534489291, ""gamma"": 2.731585879321947, ""learning_rate"": 0.026491304347420395, ""max_depth"": 3, ""min_child_weight"": 37.97767519431704, ""reg_alpha"": 4.9354105442735206, ""reg_lambda"": 5.2668976251835975, ""subsample"": 0.7387538977591062}",COMPLETE
14,0.35630967167551014,2026-09-29 21:29:51.260213,2026-09-29 21:29:53.976555,0 days 00:00:02.716342,0.5643663517929725,4.783173893076232,0.05514232293019573,3,35.02387869703093,2.0754599491149497,3.421627512382658,0.746100224585533,77,0.021318481105673193,"{""colsample_bytree"": 0.5643663517929725, ""gamma"": 4.783173893076232, ""learning_rate"": 0.05514232293019573, ""max_depth"": 3, ""min_child_weight"": 35.02387869703093, ""reg_alpha"": 2.0754599491149497, ""reg_lambda"": 3.421627512382658, ""subsample"": 0.746100224585533}",COMPLETE
15,0.357539030176683,2026-09-29 21:29:53.976740,2026-09-29 21:29:56.674756,0 days 00:00:02.698016,0.5544140343603186,4.553678055314457,0.06293829621442201,3,42.69285552794544,2.0027556853238693,12.780870662115184,0.7771962116453272,90,0.021567683252599217,"{""colsample_bytree"": 0.5544140343603186, ""gamma"": 4.553678055314457, ""learning_rate"": 0.06293829621442201, ""max_depth"": 3, ""min_child_weight"": 42.69285552794544, ""reg_alpha"": 2.0027556853238693, ""reg_lambda"": 12.780870662115184, ""subsample"": 0.7771962116453272}",COMPLETE
16,0.35566331927637423,2026-09-29 21:29:56.674909,2026-09-29 21:29:59.801145,0 days 00:00:03.126236,0.6426304061222515,4.936123301660655,0.03983710684133959,3,34.334936784744365,1.7706784312428177,10.271791562261207,0.7924526297969661,114,0.020604496893249998,"{""colsample_bytree"": 0.6426304061222515, ""gamma"": 4.936123301660655, ""learning_rate"": 0.03983710684133959, ""max_depth"": 3, ""min_child_weight"": 34.334936784744365, ""reg_alpha"": 1.7706784312428177, ""reg_lambda"": 10.271791562261207, ""subsample"": 0.7924526297969661}",COMPLETE
17,0.3571618144809626,2026-09-29 21:29:59.801340,2026-09-29 21:30:02.627992,0 days 00:00:02.826652,0.5429227668104176,3.6107042915882026,0.05852223710049421,3,27.664609971611675,1.0737620476903564,12.588275115478247,0.7621330909020162,89,0.020301526028007506,"{""colsample_bytree"": 0.5429227668104176, ""gamma"": 3.6107042915882026, ""learning_rate"": 0.05852223710049421, ""max_depth"": 3, ""min_child_weight"": 27.664609971611675, ""reg_alpha"": 1.0737620476903564, ""reg_lambda"": 12.588275115478247, ""subsample"": 0.7621330909020162}",COMPLETE
18,0.3572590417821778,2026-09-29 21:30:02.628150,2026-09-29 21:30:06.083721,0 days 00:00:03.455571,0.5019490662441576,4.4678975776000955,0.031035059100511568,3,26.91697746087219,1.9022951184169261,7.309045750650805,0.8466215314322598,118,0.01977083529410804,"{""colsample_bytree"": 0.5019490662441576, ""gamma"": 4.4678975776000955, ""learning_rate"": 0.031035059100511568, ""max_depth"": 3, ""min_child_weight"": 26.91697746087219, ""reg_alpha"": 1.9022951184169261, ""reg_lambda"": 7.309045750650805, ""subsample"": 0.8466215314322598}",COMPLETE
19,0.35890543237253103,2026-09-29 21:30:06.083883,2026-09-29 21:30:08.675135,0 days 00:00:02.591252,0.5136843424536424,4.099830136432438,0.06974399393446569,3,34.937248283559654,2.1892027535824097,13.70419250551751,0.7804874721749622,75,0.01956919520299622,"{""colsample_bytree"": 0.5136843424536424, ""gamma"": 4.099830136432438, ""learning_rate"": 0.06974399393446569, ""max_depth"": 3, ""min_child_weight"": 34.937248283559654, ""reg_alpha"": 2.1892027535824097, ""reg_lambda"": 13.70419250551751, ""subsample"": 0.7804874721749622}",COMPLETE
20,0.3579379038977757,2026-09-29 21:30:08.675407,2026-09-29 21:30:11.243017,0 days 00:00:02.567610,0.5177930218403799,4.988276052020081,0.06249136248026356,3,29.16926518163172,0.3497541544624685,7.557493684951214,0.8121832452546494,88,0.02132400425011273,"{""colsample_bytree"": 0.5177930218403799, ""gamma"": 4.988276052020081, ""learning_rate"": 0.06249136248026356, ""max_depth"": 3, ""min_child_weight"": 29.16926518163172, ""reg_alpha"": 0.3497541544624685, ""reg_lambda"": 7.557493684951214, ""subsample"": 0.8121832452546494}",COMPLETE
21,0.3581540040221132,2026-09-29 21:30:11.243186,2026-09-29 21:30:13.792048,0 days 00:00:02.548862,0.5230980553849662,4.954488462687667,0.056721767056810764,3,34.314985407873436,1.0367771661437546,5.686183804367851,0.8519744852348052,86,0.019379057479231774,"{""colsample_bytree"": 0.5230980553849662, ""gamma"": 4.954488462687667, ""learning_rate"": 0.056721767056810764, ""max_depth"": 3, ""min_child_weight"": 34.314985407873436, ""reg_alpha"": 1.0367771661437546, ""reg_lambda"": 5.686183804367851, ""subsample"": 0.8519744852348052}",COMPLETE
22,0.3572767803123397,2026-09-29 21:30:13.792207,2026-09-29 21:30:16.219718,0 days 00:00:02.427511,0.6337882038048579,4.645399685682643,0.07168914497101117,3,35.66937953911107,0.6528760743322077,4.126288093679426,0.8804270896962331,68,0.018776289323097682,"{""colsample_bytree"": 0.6337882038048579, ""gamma"": 4.645399685682643, ""learning_rate"": 0.07168914497101117, ""max_depth"": 3, ""min_child_weight"": 35.66937953911107, ""reg_alpha"": 0.6528760743322077, ""reg_lambda"": 4.126288093679426, ""subsample"": 0.8804270896962331}",COMPLETE
23,0.3593584279337204,2026-09-29 21:30:16.219885,2026-09-29 21:30:18.926947,0 days 00:00:02.707062,0.5271112051437186,4.508681218850417,0.08208347238224098,3,46.792800455386086,1.4539624350671234,6.154397284055678,0.8127533135637653,67,0.01937051835326909,"{""colsample_bytree"": 0.5271112051437186, ""gamma"": 4.508681218850417, ""learning_rate"": 0.08208347238224098, ""max_depth"": 3, ""min_child_weight"": 46.792800455386086, ""reg_alpha"": 1.4539624350671234, ""reg_lambda"": 6.154397284055678, ""subsample"": 0.8127533135637653}",COMPLETE
24,0.35847952834055363,2026-09-29 21:30:18.927111,2026-09-29 21:30:21.632726,0 days 00:00:02.705615,0.5235161135085196,3.8219139295178266,0.058094827078703046,3,45.32656118390625,0.8132422445547645,3.838058153439268,0.8498406352249273,96,0.020145095699316756,"{""colsample_bytree"": 0.5235161135085196, ""gamma"": 3.8219139295178266, ""learning_rate"": 0.058094827078703046, ""max_depth"": 3, ""min_child_weight"": 45.32656118390625, ""reg_alpha"": 0.8132422445547645, ""reg_lambda"": 3.838058153439268, ""subsample"": 0.8498406352249273}",COMPLETE
25,0.35818273606711526,2026-09-29 21:30:21.632881,2026-09-29 21:30:24.323534,0 days 00:00:02.690653,0.5085145295544193,2.9503890507280963,0.05986882306447688,3,44.44992901188399,0.5619567242559232,4.269379717367517,0.8596302982618197,69,0.020002417323838752,"{""colsample_bytree"": 0.5085145295544193, ""gamma"": 2.9503890507280963, ""learning_rate"": 0.05986882306447688, ""max_depth"": 3, ""min_child_weight"": 44.44992901188399, ""reg_alpha"": 0.5619567242559232, ""reg_lambda"": 4.269379717367517, ""subsample"": 0.8596302982618197}",COMPLETE
26,0.3590142112819594,2026-09-29 21:30:24.323729,2026-09-29 21:30:26.918219,0 days 00:00:02.594490,0.5286522852996883,4.5328688313111085,0.07247616303113236,3,42.2191881624117,1.195819332774375,2.9882658318251822,0.8407922054410448,88,0.019350328055678403,"{""colsample_bytree"": 0.5286522852996883, ""gamma"": 4.5328688313111085, ""learning_rate"": 0.07247616303113236, ""max_depth"": 3, ""min_child_weight"": 42.2191881624117, ""reg_alpha"": 1.195819332774375, ""reg_lambda"": 2.9882658318251822, ""subsample"": 0.8407922054410448}",COMPLETE
27,0.35936510180300635,2026-09-29 21:30:26.918370,2026-09-29 21:30:29.256539,0 days 00:00:02.338169,0.524072582095149,3.934935865700675,0.09234583873540977,3,45.00018910889159,1.492572021456715,6.925481225636721,0.8321218229761134,64,0.019648466158207954,"{""colsample_bytree"": 0.524072582095149, ""gamma"": 3.934935865700675, ""learning_rate"": 0.09234583873540977, ""max_depth"": 3, ""min_child_weight"": 45.00018910889159, ""reg_alpha"": 1.492572021456715, ""reg_lambda"": 6.925481225636721, ""subsample"": 0.8321218229761134}",COMPLETE
28,0.3566926587586511,2026-09-29 21:30:29.256742,2026-09-29 21:30:31.811467,0 days 00:00:02.554725,0.588823680298683,4.905573756011239,0.07061452657189873,3,37.78278571194904,1.5017291518165268,3.416393057576092,0.8535470757318833,78,0.018133033468154702,"{""colsample_bytree"": 0.588823680298683, ""gamma"": 4.905573756011239, ""learning_rate"": 0.07061452657189873, ""max_depth"": 3, ""min_child_weight"": 37.78278571194904, ""reg_alpha"": 1.5017291518165268, ""reg_lambda"": 3.416393057576092, ""subsample"": 0.8535470757318833}",COMPLETE
29,0.3586391374918753,2026-09-29 21:30:31.811644,2026-09-29 21:30:34.086745,0 days 00:00:02.275101,0.5017267618944199,3.7039113705569164,0.09700912956348831,3,44.738273868999755,0.32981693410999746,7.297763837817365,0.8206417036047375,65,0.018683577986272834,"{""colsample_bytree"": 0.5017267618944199, ""gamma"": 3.7039113705569164, ""learning_rate"": 0.09700912956348831, ""max_depth"": 3, ""min_child_weight"": 44.738273868999755, ""reg_alpha"": 0.32981693410999746, ""reg_lambda"": 7.297763837817365, ""subsample"": 0.8206417036047375}",COMPLETE
30,0.35774298684248135,2026-09-29 21:30:34.087024,2026-09-29 21:30:36.509041,0 days 00:00:02.422017,0.5090931373840848,4.152666931097725,0.08750885461032099,3,46.6230810181636,1.242470458947724,7.330810950094853,0.8128914414117104,69,0.020712779656222983,"{""colsample_bytree"": 0.5090931373840848, ""gamma"": 4.152666931097725, ""learning_rate"": 0.08750885461032099, ""max_depth"": 3, ""min_child_weight"": 46.6230810181636, ""reg_alpha"": 1.242470458947724, ""reg_lambda"": 7.330810950094853, ""subsample"": 0.8128914414117104}",COMPLETE
31,0.35792493634164424,2026-09-29 21:30:36.509282,2026-09-29 21:30:38.855340,0 days 00:00:02.346058,0.5834713310956704,4.9256742602974635,0.08327465548355084,3,46.395286519807726,0.8193916883449007,3.5480533673569212,0.8606768256680282,67,0.019831729369975404,"{""colsample_bytree"": 0.5834713310956704, ""gamma"": 4.9256742602974635, ""learning_rate"": 0.08327465548355084, ""max_depth"": 3, ""min_child_weight"": 46.395286519807726, ""reg_alpha"": 0.8193916883449007, ""reg_lambda"": 3.5480533673569212, ""subsample"": 0.8606768256680282}",COMPLETE
32,0.3594999712083966,2026-09-29 21:30:38.855499,2026-09-29 21:30:41.222006,0 days 00:00:02.366507,0.5092572136149012,4.674385947368573,0.07259086343092014,3,38.46225328580626,0.46291744626179065,3.846600799615442,0.8213057026547499,56,0.01940284996661207,"{""colsample_bytree"": 0.5092572136149012, ""gamma"": 4.674385947368573, ""learning_rate"": 0.07259086343092014, ""max_depth"": 3, ""min_child_weight"": 38.46225328580626, ""reg_alpha"": 0.46291744626179065, ""reg_lambda"": 3.846600799615442, ""subsample"": 0.8213057026547499}",COMPLETE
33,0.3581807974036537,2026-09-29 21:30:41.222171,2026-09-29 21:30:43.729539,0 days 00:00:02.507368,0.5283807490894562,4.199620271985906,0.06494230332983483,3,39.13098376982462,0.8471304018508188,3.3440068624070354,0.8112210954625216,79,0.020006119467118513,"{""colsample_bytree"": 0.5283807490894562, ""gamma"": 4.199620271985906, ""learning_rate"": 0.06494230332983483, ""max_depth"": 3, ""min_child_weight"": 39.13098376982462, ""reg_alpha"": 0.8471304018508188, ""reg_lambda"": 3.3440068624070354, ""subsample"": 0.8112210954625216}",COMPLETE
34,0.35793617935215283,2026-09-29 21:30:43.729725,2026-09-29 21:30:45.996302,0 days 00:00:02.266577,0.5008954067843226,4.7991772408384445,0.08984754336114392,3,38.93886066867752,0.915218432312032,3.4918422060496743,0.800493724768862,53,0.0203391286897672,"{""colsample_bytree"": 0.5008954067843226, ""gamma"": 4.7991772408384445, ""learning_rate"": 0.08984754336114392, ""max_depth"": 3, ""min_child_weight"": 38.93886066867752, ""reg_alpha"": 0.915218432312032, ""reg_lambda"": 3.4918422060496743, ""subsample"": 0.800493724768862}",COMPLETE
35,0.35828065217304333,2026-09-29 21:30:45.996460,2026-09-29 21:30:48.709685,0 days 00:00:02.713225,0.5272962009694774,4.977502460586383,0.06883134847813722,3,47.34056152991761,2.0071831170939776,5.313715895901205,0.822015552927181,68,0.020839006010548354,"{""colsample_bytree"": 0.5272962009694774, ""gamma"": 4.977502460586383, ""learning_rate"": 0.06883134847813722, ""max_depth"": 3, ""min_child_weight"": 47.34056152991761, ""reg_alpha"": 2.0071831170939776, ""reg_lambda"": 5.313715895901205, ""subsample"": 0.822015552927181}",COMPLETE
36,0.35912618298712606,2026-09-29 21:30:48.709864,2026-09-29 21:30:51.114905,0 days 00:00:02.405041,0.555953469364978,3.7829036102504365,0.09451957970890193,3,47.16114929812068,0.6933465170798218,2.82804298872731,0.793026710776404,63,0.019535937075381007,"{""colsample_bytree"": 0.555953469364978, ""gamma"": 3.7829036102504365, ""learning_rate"": 0.09451957970890193, ""max_depth"": 3, ""min_child_weight"": 47.16114929812068, ""reg_alpha"": 0.6933465170798218, ""reg_lambda"": 2.82804298872731, ""subsample"": 0.793026710776404}",COMPLETE
37,0.3580998953046498,2026-09-29 21:30:51.115062,2026-09-29 21:30:53.586844,0 days 00:00:02.471782,0.5315583528558803,4.950333438292406,0.057550696727709676,3,44.11210576862376,0.7703467002679512,4.90115806115689,0.7624996290201657,65,0.020172608656861046,"{""colsample_bytree"": 0.5315583528558803, ""gamma"": 4.950333438292406, ""learning_rate"": 0.057550696727709676, ""max_depth"": 3, ""min_child_weight"": 44.11210576862376, ""reg_alpha"": 0.7703467002679512, ""reg_lambda"": 4.90115806115689, ""subsample"": 0.7624996290201657}",COMPLETE
38,0.35828517449178643,2026-09-29 21:30:53.586998,2026-09-29 21:30:55.964462,0 days 00:00:02.377464,0.5856694872725166,4.390185933893454,0.09698907141707916,3,47.394696422582655,2.3490254760718097,8.735434161101557,0.8388788829303656,61,0.018475261403800604,"{""colsample_bytree"": 0.5856694872725166, ""gamma"": 4.390185933893454, ""learning_rate"": 0.09698907141707916, ""max_depth"": 3, ""min_child_weight"": 47.394696422582655, ""reg_alpha"": 2.3490254760718097, ""reg_lambda"": 8.735434161101557, ""subsample"": 0.8388788829303656}",COMPLETE
39,0.3577376239990357,2026-09-29 21:30:55.964619,2026-09-29 21:30:58.275899,0 days 00:00:02.311280,0.5838197025719142,3.9912958460165315,0.07941860691491567,3,44.588523357866954,0.7319502639019473,1.7290370471816559,0.8157141164228123,54,0.02115379313869766,"{""colsample_bytree"": 0.5838197025719142, ""gamma"": 3.9912958460165315, ""learning_rate"": 0.07941860691491567, ""max_depth"": 3, ""min_child_weight"": 44.588523357866954, ""reg_alpha"": 0.7319502639019473, ""reg_lambda"": 1.7290370471816559, ""subsample"": 0.8157141164228123}",COMPLETE
40,0.3588078961423476,2026-09-29 21:30:58.276206,2026-09-29 21:31:00.666669,0 days 00:00:02.390463,0.5624176543293752,3.946543547179804,0.08681387036609811,3,42.61078655156538,1.519958785977547,5.726427330470374,0.8614352386705862,53,0.01893945583818907,"{""colsample_bytree"": 0.5624176543293752, ""gamma"": 3.946543547179804, ""learning_rate"": 0.08681387036609811, ""max_depth"": 3, ""min_child_weight"": 42.61078655156538, ""reg_alpha"": 1.519958785977547, ""reg_lambda"": 5.726427330470374, ""subsample"": 0.8614352386705862}",COMPLETE
41,0.35895532275367137,2026-09-29 21:31:00.666835,2026-09-29 21:31:03.352847,0 days 00:00:02.686012,0.5080614291832807,4.801956771827787,0.05737633549702022,3,44.344493215828905,0.3859675055637346,2.0868838651448756,0.880927965992953,84,0.0202324519130134,"{""colsample_bytree"": 0.5080614291832807, ""gamma"": 4.801956771827787, ""learning_rate"": 0.05737633549702022, ""max_depth"": 3, ""min_child_weight"": 44.344493215828905, ""reg_alpha"": 0.3859675055637346, ""reg_lambda"": 2.0868838651448756, ""subsample"": 0.880927965992953}",COMPLETE
42,0.35888393268986496,2026-09-29 21:31:03.353032,2026-09-29 21:31:05.950913,0 days 00:00:02.597881,0.5049415392203064,4.585986926815341,0.07021949937859653,3,46.65522381608864,0.23208770231814133,5.551196658849665,0.8540675158322125,88,0.01928228378821303,"{""colsample_bytree"": 0.5049415392203064, ""gamma"": 4.585986926815341, ""learning_rate"": 0.07021949937859653, ""max_depth"": 3, ""min_child_weight"": 46.65522381608864, ""reg_alpha"": 0.23208770231814133, ""reg_lambda"": 5.551196658849665, ""subsample"": 0.8540675158322125}",COMPLETE
43,0.35932650690334283,2026-09-29 21:31:05.951084,2026-09-29 21:31:08.428234,0 days 00:00:02.477150,0.5220079468978712,4.324773988666206,0.08766410647800155,3,46.69582443965331,1.1186562125550903,3.0671854447688265,0.8345448006226651,63,0.01938255233375191,"{""colsample_bytree"": 0.5220079468978712, ""gamma"": 4.324773988666206, ""learning_rate"": 0.08766410647800155, ""max_depth"": 3, ""min_child_weight"": 46.69582443965331, ""reg_alpha"": 1.1186562125550903, ""reg_lambda"": 3.0671854447688265, ""subsample"": 0.8345448006226651}",COMPLETE
