number,value,datetime_start,datetime_complete,duration,params_colsample_bytree,params_gamma,params_learning_rate,params_max_depth,params_min_child_weight,params_reg_alpha,params_reg_lambda,params_subsample,user_attrs_n_estimators_median,user_attrs_pr_auc_sd,system_attrs_tpe:relative_params:0,state
83,0.3586635120390694,2026-09-29 21:32:44.880850,2026-09-29 21:32:47.363851,0 days 00:00:02.483001,0.5891586587677086,3.9600776412647356,0.07580251832173263,3,45.62949979898746,0.36985428353935046,1.9184321791028776,0.7858797573713431,69,0.020026317298212158,"{""colsample_bytree"": 0.5891586587677086, ""gamma"": 3.9600776412647356, ""learning_rate"": 0.07580251832173263, ""max_depth"": 3, ""min_child_weight"": 45.62949979898746, ""reg_alpha"": 0.36985428353935046, ""reg_lambda"": 1.9184321791028776, ""subsample"": 0.7858797573713431}",COMPLETE
84,0.3580803888529762,2026-09-29 21:32:47.364024,2026-09-29 21:32:49.871013,0 days 00:00:02.506989,0.5531062212057123,3.8371179102698134,0.09192121199825727,3,44.95885964926524,0.3371430532747681,1.4712344918509868,0.7900310861470238,58,0.021093969482280137,"{""colsample_bytree"": 0.5531062212057123, ""gamma"": 3.8371179102698134, ""learning_rate"": 0.09192121199825727, ""max_depth"": 3, ""min_child_weight"": 44.95885964926524, ""reg_alpha"": 0.3371430532747681, ""reg_lambda"": 1.4712344918509868, ""subsample"": 0.7900310861470238}",COMPLETE
85,0.3599785594763176,2026-09-29 21:32:49.871180,2026-09-29 21:32:52.175519,0 days 00:00:02.304339,0.5508519546895057,3.981714019522247,0.08438181115638918,3,47.60274905650273,0.04472685980771418,1.9490253472889159,0.8376301357187542,65,0.019180644989385782,"{""colsample_bytree"": 0.5508519546895057, ""gamma"": 3.981714019522247, ""learning_rate"": 0.08438181115638918, ""max_depth"": 3, ""min_child_weight"": 47.60274905650273, ""reg_alpha"": 0.04472685980771418, ""reg_lambda"": 1.9490253472889159, ""subsample"": 0.8376301357187542}",COMPLETE
86,0.35960579152386984,2026-09-29 21:32:52.175729,2026-09-29 21:32:54.548647,0 days 00:00:02.372918,0.5420021463839861,3.6445943370268825,0.09238888269066144,3,45.449086669619625,0.22722621427347628,2.1251957398062675,0.8129989576954733,68,0.020020883539851687,"{""colsample_bytree"": 0.5420021463839861, ""gamma"": 3.6445943370268825, ""learning_rate"": 0.09238888269066144, ""max_depth"": 3, ""min_child_weight"": 45.449086669619625, ""reg_alpha"": 0.22722621427347628, ""reg_lambda"": 2.1251957398062675, ""subsample"": 0.8129989576954733}",COMPLETE
87,0.3576037532890883,2026-09-29 21:32:54.548816,2026-09-29 21:32:56.848859,0 days 00:00:02.300043,0.5686007878484467,4.233971880069056,0.0910157805621735,3,44.80470502733103,0.08616610117098089,3.074178736310485,0.8375632556678143,43,0.018868243930879994,"{""colsample_bytree"": 0.5686007878484467, ""gamma"": 4.233971880069056, ""learning_rate"": 0.0910157805621735, ""max_depth"": 3, ""min_child_weight"": 44.80470502733103, ""reg_alpha"": 0.08616610117098089, ""reg_lambda"": 3.074178736310485, ""subsample"": 0.8375632556678143}",COMPLETE
88,0.3575768597256006,2026-09-29 21:32:56.849014,2026-09-29 21:32:59.103149,0 days 00:00:02.254135,0.5502783708524296,3.5387230925148336,0.09772042322557205,3,42.781505041805225,0.49698012258469093,2.493177938744262,0.8420542490620183,53,0.02067751823405141,"{""colsample_bytree"": 0.5502783708524296, ""gamma"": 3.5387230925148336, ""learning_rate"": 0.09772042322557205, ""max_depth"": 3, ""min_child_weight"": 42.781505041805225, ""reg_alpha"": 0.49698012258469093, ""reg_lambda"": 2.493177938744262, ""subsample"": 0.8420542490620183}",COMPLETE
89,0.3575985739639397,2026-09-29 21:32:59.103301,2026-09-29 21:33:01.372001,0 days 00:00:02.268700,0.5271743442979699,4.321470554039425,0.09283982299191432,3,43.461638726461175,0.0777677778134066,1.2835889642334908,0.8302916843246249,63,0.01842215256141049,"{""colsample_bytree"": 0.5271743442979699, ""gamma"": 4.321470554039425, ""learning_rate"": 0.09283982299191432, ""max_depth"": 3, ""min_child_weight"": 43.461638726461175, ""reg_alpha"": 0.0777677778134066, ""reg_lambda"": 1.2835889642334908, ""subsample"": 0.8302916843246249}",COMPLETE
90,0.3592991810213348,2026-09-29 21:33:01.372306,2026-09-29 21:33:03.814943,0 days 00:00:02.442637,0.560374316460893,4.132347720845154,0.07580996948722199,3,45.47885530336554,0.2287676184903496,3.6496992842446296,0.8266133340593008,65,0.019364872452866125,"{""colsample_bytree"": 0.560374316460893, ""gamma"": 4.132347720845154, ""learning_rate"": 0.07580996948722199, ""max_depth"": 3, ""min_child_weight"": 45.47885530336554, ""reg_alpha"": 0.2287676184903496, ""reg_lambda"": 3.6496992842446296, ""subsample"": 0.8266133340593008}",COMPLETE
91,0.3597477525930455,2026-09-29 21:33:03.815096,2026-09-29 21:33:06.132883,0 days 00:00:02.317787,0.5299943186080289,4.115548819567375,0.08238878339488849,3,45.4706961650848,0.12985101234984409,2.771364603915008,0.8242731512640942,63,0.018955865159387332,"{""colsample_bytree"": 0.5299943186080289, ""gamma"": 4.115548819567375, ""learning_rate"": 0.08238878339488849, ""max_depth"": 3, ""min_child_weight"": 45.4706961650848, ""reg_alpha"": 0.12985101234984409, ""reg_lambda"": 2.771364603915008, ""subsample"": 0.8242731512640942}",COMPLETE
92,0.35952846094660584,2026-09-29 21:33:06.133034,2026-09-29 21:33:08.672346,0 days 00:00:02.539312,0.539646081227529,3.9139166356721202,0.07444206519714684,3,47.46237158118689,0.5626353409841036,2.254725705664315,0.8293029182173494,69,0.019112307799955888,"{""colsample_bytree"": 0.539646081227529, ""gamma"": 3.9139166356721202, ""learning_rate"": 0.07444206519714684, ""max_depth"": 3, ""min_child_weight"": 47.46237158118689, ""reg_alpha"": 0.5626353409841036, ""reg_lambda"": 2.254725705664315, ""subsample"": 0.8293029182173494}",COMPLETE
93,0.3601736472343223,2026-09-29 21:33:08.672517,2026-09-29 21:33:11.157409,0 days 00:00:02.484892,0.537185873082484,3.6406713659166665,0.08851529789279548,3,48.96747746454362,0.22540911424120935,2.52351443005381,0.8289743013674489,63,0.019685538090794673,"{""colsample_bytree"": 0.537185873082484, ""gamma"": 3.6406713659166665, ""learning_rate"": 0.08851529789279548, ""max_depth"": 3, ""min_child_weight"": 48.96747746454362, ""reg_alpha"": 0.22540911424120935, ""reg_lambda"": 2.52351443005381, ""subsample"": 0.8289743013674489}",COMPLETE
94,0.36003178989071627,2026-09-29 21:33:11.157688,2026-09-29 21:33:13.627202,0 days 00:00:02.469514,0.5390259688677167,4.076381938034724,0.08488036663288864,3,46.46334514946966,0.5192747138232625,1.6992019814323585,0.8471079526640901,69,0.018841608594185082,"{""colsample_bytree"": 0.5390259688677167, ""gamma"": 4.076381938034724, ""learning_rate"": 0.08488036663288864, ""max_depth"": 3, ""min_child_weight"": 46.46334514946966, ""reg_alpha"": 0.5192747138232625, ""reg_lambda"": 1.6992019814323585, ""subsample"": 0.8471079526640901}",COMPLETE
95,0.3586962645176077,2026-09-29 21:33:13.627370,2026-09-29 21:33:15.896015,0 days 00:00:02.268645,0.550163575924232,4.427339849127021,0.08318297025959537,3,48.677486461350576,0.39666864063931695,1.1052739577579787,0.8166570379734295,53,0.02161392587387531,"{""colsample_bytree"": 0.550163575924232, ""gamma"": 4.427339849127021, ""learning_rate"": 0.08318297025959537, ""max_depth"": 3, ""min_child_weight"": 48.677486461350576, ""reg_alpha"": 0.39666864063931695, ""reg_lambda"": 1.1052739577579787, ""subsample"": 0.8166570379734295}",COMPLETE
96,0.36010395899096964,2026-09-29 21:33:15.896190,2026-09-29 21:33:18.573237,0 days 00:00:02.677047,0.527557437689012,3.9072047853355394,0.08431392976081545,3,47.43644193654737,0.6509886316653279,1.8610978858394867,0.8451196662573535,75,0.018773258865778894,"{""colsample_bytree"": 0.527557437689012, ""gamma"": 3.9072047853355394, ""learning_rate"": 0.08431392976081545, ""max_depth"": 3, ""min_child_weight"": 47.43644193654737, ""reg_alpha"": 0.6509886316653279, ""reg_lambda"": 1.8610978858394867, ""subsample"": 0.8451196662573535}",COMPLETE
97,0.35817531500025984,2026-09-29 21:33:18.573405,2026-09-29 21:33:20.806615,0 days 00:00:02.233210,0.5250605305937404,4.241927078526375,0.09072835377820788,3,44.17361982329144,0.17048170522699235,2.2562262040712797,0.7864029574442811,56,0.020975708773187673,"{""colsample_bytree"": 0.5250605305937404, ""gamma"": 4.241927078526375, ""learning_rate"": 0.09072835377820788, ""max_depth"": 3, ""min_child_weight"": 44.17361982329144, ""reg_alpha"": 0.17048170522699235, ""reg_lambda"": 2.2562262040712797, ""subsample"": 0.7864029574442811}",COMPLETE
98,0.35685029959669406,2026-09-29 21:33:20.806778,2026-09-29 21:33:23.084788,0 days 00:00:02.278010,0.5693955906139724,4.006727676089834,0.08732154296321651,3,47.60704662366084,0.21807232009671693,2.0476884587339237,0.8130135843568788,53,0.021336606305700494,"{""colsample_bytree"": 0.5693955906139724, ""gamma"": 4.006727676089834, ""learning_rate"": 0.08732154296321651, ""max_depth"": 3, ""min_child_weight"": 47.60704662366084, ""reg_alpha"": 0.21807232009671693, ""reg_lambda"": 2.0476884587339237, ""subsample"": 0.8130135843568788}",COMPLETE
99,0.359058259046442,2026-09-29 21:33:23.084942,2026-09-29 21:33:25.478927,0 days 00:00:02.393985,0.5506378975276123,4.328185776897919,0.09499500948156837,3,49.124935404152005,0.11263959975239679,2.4654269552595487,0.8430810018265734,66,0.01887892921768116,"{""colsample_bytree"": 0.5506378975276123, ""gamma"": 4.328185776897919, ""learning_rate"": 0.09499500948156837, ""max_depth"": 3, ""min_child_weight"": 49.124935404152005, ""reg_alpha"": 0.11263959975239679, ""reg_lambda"": 2.4654269552595487, ""subsample"": 0.8430810018265734}",COMPLETE
100,0.3598575991778861,2026-09-29 21:33:25.479215,2026-09-29 21:33:27.906731,0 days 00:00:02.427516,0.5471518720477264,3.8874258111674247,0.0842058733537746,3,46.217965729867814,0.18397994118854286,3.6085578942985683,0.8393494451033521,71,0.01923846846866531,"{""colsample_bytree"": 0.5471518720477264, ""gamma"": 3.8874258111674247, ""learning_rate"": 0.0842058733537746, ""max_depth"": 3, ""min_child_weight"": 46.217965729867814, ""reg_alpha"": 0.18397994118854286, ""reg_lambda"": 3.6085578942985683, ""subsample"": 0.8393494451033521}",COMPLETE
101,0.3591122636638827,2026-09-29 21:33:27.906886,2026-09-29 21:33:30.184578,0 days 00:00:02.277692,0.5417154051100941,3.88508697036719,0.09905041121515522,3,44.20103205221424,0.3308002128691662,2.7941094447458363,0.8329440274095529,68,0.01972716979843136,"{""colsample_bytree"": 0.5417154051100941, ""gamma"": 3.88508697036719, ""learning_rate"": 0.09905041121515522, ""max_depth"": 3, ""min_child_weight"": 44.20103205221424, ""reg_alpha"": 0.3308002128691662, ""reg_lambda"": 2.7941094447458363, ""subsample"": 0.8329440274095529}",COMPLETE
102,0.3567203852178602,2026-09-29 21:33:30.184755,2026-09-29 21:33:32.400789,0 days 00:00:02.216034,0.5685019388253881,3.8008389818998407,0.0939345964570227,3,48.62887061971269,0.16474888957171696,1.635553125884495,0.8337595257630896,46,0.018857402886336555,"{""colsample_bytree"": 0.5685019388253881, ""gamma"": 3.8008389818998407, ""learning_rate"": 0.0939345964570227, ""max_depth"": 3, ""min_child_weight"": 48.62887061971269, ""reg_alpha"": 0.16474888957171696, ""reg_lambda"": 1.635553125884495, ""subsample"": 0.8337595257630896}",COMPLETE
103,0.36019574775356683,2026-09-29 21:33:32.400945,2026-09-29 21:33:34.683394,0 days 00:00:02.282449,0.5565617242382805,3.6022846965642166,0.08962040363774024,3,47.101592101192615,0.21124960349457245,1.2345761431360098,0.8083679776281089,53,0.019159034214959656,"{""colsample_bytree"": 0.5565617242382805, ""gamma"": 3.6022846965642166, ""learning_rate"": 0.08962040363774024, ""max_depth"": 3, ""min_child_weight"": 47.101592101192615, ""reg_alpha"": 0.21124960349457245, ""reg_lambda"": 1.2345761431360098, ""subsample"": 0.8083679776281089}",COMPLETE
104,0.3593510083935896,2026-09-29 21:33:34.683580,2026-09-29 21:33:37.074116,0 days 00:00:02.390536,0.5330035069129027,4.059355621261345,0.09790516570014533,3,45.59920545592592,0.0920390269707082,1.9371147561373425,0.8379553694082509,67,0.019110972152893396,"{""colsample_bytree"": 0.5330035069129027, ""gamma"": 4.059355621261345, ""learning_rate"": 0.09790516570014533, ""max_depth"": 3, ""min_child_weight"": 45.59920545592592, ""reg_alpha"": 0.0920390269707082, ""reg_lambda"": 1.9371147561373425, ""subsample"": 0.8379553694082509}",COMPLETE
105,0.35841127400299777,2026-09-29 21:33:37.074270,2026-09-29 21:33:39.398085,0 days 00:00:02.323815,0.5579715843666609,3.8305112798468652,0.09794240627149181,3,48.07364969172952,0.11584406959670485,3.21603639902032,0.8103044637349534,61,0.020629876440402123,"{""colsample_bytree"": 0.5579715843666609, ""gamma"": 3.8305112798468652, ""learning_rate"": 0.09794240627149181, ""max_depth"": 3, ""min_child_weight"": 48.07364969172952, ""reg_alpha"": 0.11584406959670485, ""reg_lambda"": 3.21603639902032, ""subsample"": 0.8103044637349534}",COMPLETE
106,0.3583945673984069,2026-09-29 21:33:39.398235,2026-09-29 21:33:41.837467,0 days 00:00:02.439232,0.5488500077627649,3.651522875555892,0.07456522206729525,3,47.61252764463441,0.18189569002072487,1.915807448885876,0.8388187631523913,74,0.020182654038999596,"{""colsample_bytree"": 0.5488500077627649, ""gamma"": 3.651522875555892, ""learning_rate"": 0.07456522206729525, ""max_depth"": 3, ""min_child_weight"": 47.61252764463441, ""reg_alpha"": 0.18189569002072487, ""reg_lambda"": 1.915807448885876, ""subsample"": 0.8388187631523913}",COMPLETE
107,0.3595460116696556,2026-09-29 21:33:41.837735,2026-09-29 21:33:44.127882,0 days 00:00:02.290147,0.5645278294015056,3.5392336392453445,0.08485851450601611,3,45.383236456990154,0.34670007216182436,2.842694118838015,0.8227149439722721,53,0.019394801731059275,"{""colsample_bytree"": 0.5645278294015056, ""gamma"": 3.5392336392453445, ""learning_rate"": 0.08485851450601611, ""max_depth"": 3, ""min_child_weight"": 45.383236456990154, ""reg_alpha"": 0.34670007216182436, ""reg_lambda"": 2.842694118838015, ""subsample"": 0.8227149439722721}",COMPLETE
108,0.3595030889800625,2026-09-29 21:33:44.128052,2026-09-29 21:33:46.362730,0 days 00:00:02.234678,0.5585789873962431,3.651277487060213,0.08685515223129109,3,43.96548770107252,0.2936897691155653,2.025175852879631,0.8375921467213168,59,0.019507374238200738,"{""colsample_bytree"": 0.5585789873962431, ""gamma"": 3.651277487060213, ""learning_rate"": 0.08685515223129109, ""max_depth"": 3, ""min_child_weight"": 43.96548770107252, ""reg_alpha"": 0.2936897691155653, ""reg_lambda"": 2.025175852879631, ""subsample"": 0.8375921467213168}",COMPLETE
109,0.3573654895774392,2026-09-29 21:33:46.362891,2026-09-29 21:33:48.899011,0 days 00:00:02.536120,0.5160636800826268,3.6795889798426633,0.0769887877385279,3,45.73356839895849,0.29295834445161295,2.9538552802844484,0.8195020777791046,64,0.022049656249978913,"{""colsample_bytree"": 0.5160636800826268, ""gamma"": 3.6795889798426633, ""learning_rate"": 0.0769887877385279, ""max_depth"": 3, ""min_child_weight"": 45.73356839895849, ""reg_alpha"": 0.29295834445161295, ""reg_lambda"": 2.9538552802844484, ""subsample"": 0.8195020777791046}",COMPLETE
110,0.3590794604538507,2026-09-29 21:33:48.899311,2026-09-29 21:33:51.112851,0 days 00:00:02.213540,0.5352801644911156,3.569650749890068,0.0993059961403942,3,46.26096960548796,0.1881870926346859,1.9565131778848308,0.8419074325289664,58,0.020299679639359303,"{""colsample_bytree"": 0.5352801644911156, ""gamma"": 3.569650749890068, ""learning_rate"": 0.0993059961403942, ""max_depth"": 3, ""min_child_weight"": 46.26096960548796, ""reg_alpha"": 0.1881870926346859, ""reg_lambda"": 1.9565131778848308, ""subsample"": 0.8419074325289664}",COMPLETE
111,0.3604939666285386,2026-09-29 21:33:51.113003,2026-09-29 21:33:53.557692,0 days 00:00:02.444689,0.54029957827845,3.940857424859523,0.09129295132981287,3,46.500278761808836,0.2925330642882899,2.403031941396915,0.8527770725751501,81,0.018896795335037263,"{""colsample_bytree"": 0.54029957827845, ""gamma"": 3.940857424859523, ""learning_rate"": 0.09129295132981287, ""max_depth"": 3, ""min_child_weight"": 46.500278761808836, ""reg_alpha"": 0.2925330642882899, ""reg_lambda"": 2.403031941396915, ""subsample"": 0.8527770725751501}",COMPLETE
112,0.35954832967514094,2026-09-29 21:33:53.557865,2026-09-29 21:33:55.927600,0 days 00:00:02.369735,0.515365782532518,3.8141986635137566,0.08592364000694858,3,47.90903312139239,0.6592218396425198,1.144128915616459,0.8513689911177027,60,0.01886613303644664,"{""colsample_bytree"": 0.515365782532518, ""gamma"": 3.8141986635137566, ""learning_rate"": 0.08592364000694858, ""max_depth"": 3, ""min_child_weight"": 47.90903312139239, ""reg_alpha"": 0.6592218396425198, ""reg_lambda"": 1.144128915616459, ""subsample"": 0.8513689911177027}",COMPLETE
113,0.3598137638629455,2026-09-29 21:33:55.927768,2026-09-29 21:33:58.200707,0 days 00:00:02.272939,0.5376062788539423,4.01908838100025,0.09205354521381211,3,44.376326423929825,0.059827224686899244,3.382187729247049,0.8488188636093456,61,0.01845546555647246,"{""colsample_bytree"": 0.5376062788539423, ""gamma"": 4.01908838100025, ""learning_rate"": 0.09205354521381211, ""max_depth"": 3, ""min_child_weight"": 44.376326423929825, ""reg_alpha"": 0.059827224686899244, ""reg_lambda"": 3.382187729247049, ""subsample"": 0.8488188636093456}",COMPLETE
114,0.3582413405990165,2026-09-29 21:33:58.200862,2026-09-29 21:34:00.694686,0 days 00:00:02.493824,0.5637653068089375,3.7999829208012463,0.07817508114667873,3,46.04130524854885,0.04405732138986017,1.6735670936078593,0.8121532079434718,81,0.019848332933145363,"{""colsample_bytree"": 0.5637653068089375, ""gamma"": 3.7999829208012463, ""learning_rate"": 0.07817508114667873, ""max_depth"": 3, ""min_child_weight"": 46.04130524854885, ""reg_alpha"": 0.04405732138986017, ""reg_lambda"": 1.6735670936078593, ""subsample"": 0.8121532079434718}",COMPLETE
115,0.3585135005010664,2026-09-29 21:34:00.694847,2026-09-29 21:34:03.010138,0 days 00:00:02.315291,0.5255189386076657,4.164522039945396,0.08801438629539665,3,47.83707415212418,0.5369080422119731,1.096853332674601,0.8459017467742139,50,0.01975436655989742,"{""colsample_bytree"": 0.5255189386076657, ""gamma"": 4.164522039945396, ""learning_rate"": 0.08801438629539665, ""max_depth"": 3, ""min_child_weight"": 47.83707415212418, ""reg_alpha"": 0.5369080422119731, ""reg_lambda"": 1.096853332674601, ""subsample"": 0.8459017467742139}",COMPLETE
116,0.3574904318589634,2026-09-29 21:34:03.010303,2026-09-29 21:34:05.440312,0 days 00:00:02.430009,0.5628025280235832,4.289241681663775,0.08245936968455102,3,45.85481811866368,0.20228405680130065,2.1029549545104294,0.8339939224595195,54,0.01875203288393437,"{""colsample_bytree"": 0.5628025280235832, ""gamma"": 4.289241681663775, ""learning_rate"": 0.08245936968455102, ""max_depth"": 3, ""min_child_weight"": 45.85481811866368, ""reg_alpha"": 0.20228405680130065, ""reg_lambda"": 2.1029549545104294, ""subsample"": 0.8339939224595195}",COMPLETE
117,0.3598218548841992,2026-09-29 21:34:05.440470,2026-09-29 21:34:07.833954,0 days 00:00:02.393484,0.532019685886865,3.5918201977268684,0.0877398277251549,3,49.4424669637334,0.09158169413461209,1.7681190575009096,0.8269970705480781,61,0.0201251980116565,"{""colsample_bytree"": 0.532019685886865, ""gamma"": 3.5918201977268684, ""learning_rate"": 0.0877398277251549, ""max_depth"": 3, ""min_child_weight"": 49.4424669637334, ""reg_alpha"": 0.09158169413461209, ""reg_lambda"": 1.7681190575009096, ""subsample"": 0.8269970705480781}",COMPLETE
118,0.3593395620359676,2026-09-29 21:34:07.834120,2026-09-29 21:34:10.210651,0 days 00:00:02.376531,0.5213183322954369,4.167520329526568,0.09179993187427707,3,44.23047192785846,0.5575991787621717,2.9610009540219338,0.8319261948399468,56,0.019804583005102166,"{""colsample_bytree"": 0.5213183322954369, ""gamma"": 4.167520329526568, ""learning_rate"": 0.09179993187427707, ""max_depth"": 3, ""min_child_weight"": 44.23047192785846, ""reg_alpha"": 0.5575991787621717, ""reg_lambda"": 2.9610009540219338, ""subsample"": 0.8319261948399468}",COMPLETE
119,0.35937351382170457,2026-09-29 21:34:10.210813,2026-09-29 21:34:12.597954,0 days 00:00:02.387141,0.5350029921176181,4.232404035303086,0.08299641745015965,3,44.9772735944142,0.17591957635521202,3.1441111456858906,0.828964649004224,70,0.019059335077369337,"{""colsample_bytree"": 0.5350029921176181, ""gamma"": 4.232404035303086, ""learning_rate"": 0.08299641745015965, ""max_depth"": 3, ""min_child_weight"": 44.9772735944142, ""reg_alpha"": 0.17591957635521202, ""reg_lambda"": 3.1441111456858906, ""subsample"": 0.828964649004224}",COMPLETE
120,0.35712500941720854,2026-09-29 21:34:12.598255,2026-09-29 21:34:15.048920,0 days 00:00:02.450665,0.5660767697990722,3.4832628112198813,0.08275835080109287,3,48.24630391210224,0.016629969070500433,3.6212887002061,0.8120297502683543,54,0.02087926404765959,"{""colsample_bytree"": 0.5660767697990722, ""gamma"": 3.4832628112198813, ""learning_rate"": 0.08275835080109287, ""max_depth"": 3, ""min_child_weight"": 48.24630391210224, ""reg_alpha"": 0.016629969070500433, ""reg_lambda"": 3.6212887002061, ""subsample"": 0.8120297502683543}",COMPLETE
121,0.3590603881381035,2026-09-29 21:34:15.049075,2026-09-29 21:34:17.599349,0 days 00:00:02.550274,0.5322253100287586,4.166690650299156,0.07815398621166515,3,45.64189976108262,0.3954210077770166,2.8305435456923838,0.848948094042363,63,0.018896120596280794,"{""colsample_bytree"": 0.5322253100287586, ""gamma"": 4.166690650299156, ""learning_rate"": 0.07815398621166515, ""max_depth"": 3, ""min_child_weight"": 45.64189976108262, ""reg_alpha"": 0.3954210077770166, ""reg_lambda"": 2.8305435456923838, ""subsample"": 0.848948094042363}",COMPLETE
